<?xml version="1.0" encoding="UTF-8"?>
<!-- Generated by org.testng.reporters.JUnitReportReporter -->
<testsuite skipped="0" hostname="DESKTOP-SFTFD08" name="Automationprac.LamdaTestUploadFile" tests="1" failures="0" timestamp="2022-08-09T13:59:30 IST" time="6.663" errors="0">
  <testcase name="lamdaTest" time="6.663" classname="Automationprac.LamdaTestUploadFile"/>
  <system-out/>
</testsuite> <!-- Automationprac.LamdaTestUploadFile -->
