<?xml version="1.0" encoding="UTF-8"?>
<!-- Generated by org.testng.reporters.JUnitReportReporter -->
<testsuite skipped="0" hostname="DESKTOP-SFTFD08" name="Testng.DtaProviderTestng" tests="2" failures="0" timestamp="2022-08-09T14:45:51 IST" time="24.307" errors="0">
  <testcase name="search" time="14.705" classname="Testng.DtaProviderTestng"/>
  <system-out>
    <![CDATA[Keyword entered is : Automation
Search results are displayed.]]>
  </system-out>
  <testcase name="search" time="9.602" classname="Testng.DtaProviderTestng"/>
  <system-out>
    <![CDATA[Keyword entered is : Lambda Test
Search results are displayed.]]>
  </system-out>
</testsuite> <!-- Testng.DtaProviderTestng -->
