<?xml version="1.0" encoding="UTF-8"?>
<!-- Generated by org.testng.reporters.JUnitReportReporter -->
<testsuite skipped="0" hostname="DESKTOP-SFTFD08" name="Automationprac.LamdaTestDownloadFile" tests="1" failures="0" timestamp="2022-08-09T14:22:21 IST" time="10.133" errors="0">
  <testcase name="fileDownload" time="10.133" classname="Automationprac.LamdaTestDownloadFile"/>
  <system-out/>
</testsuite> <!-- Automationprac.LamdaTestDownloadFile -->
